Jul 21, 2020 9:11:21 AM org.apache.catalina.startup.VersionLoggerListener log
INFO: Server version:        Apache Tomcat/7.0.94
Jul 21, 2020 9:11:21 AM org.apache.catalina.startup.VersionLoggerListener log
INFO: Server built:          Apr 10 2019 16:56:40 UTC
Jul 21, 2020 9:11:21 AM org.apache.catalina.startup.VersionLoggerListener log
INFO: Server number:         7.0.94.0
Jul 21, 2020 9:11:21 AM org.apache.catalina.startup.VersionLoggerListener log
INFO: OS Name:               Linux
Jul 21, 2020 9:11:21 AM org.apache.catalina.startup.VersionLoggerListener log
INFO: OS Version:            5.3.0-62-generic
Jul 21, 2020 9:11:21 AM org.apache.catalina.startup.VersionLoggerListener log
INFO: Architecture:          amd64
Jul 21, 2020 9:11:21 AM org.apache.catalina.startup.VersionLoggerListener log
INFO: Java Home:             /usr/lib/jvm/java-1.7-openjdk/jre
Jul 21, 2020 9:11:21 AM org.apache.catalina.startup.VersionLoggerListener log
INFO: JVM Version:           1.7.0_211-b02
Jul 21, 2020 9:11:21 AM org.apache.catalina.startup.VersionLoggerListener log
INFO: JVM Vendor:            Oracle Corporation
Jul 21, 2020 9:11:21 AM org.apache.catalina.startup.VersionLoggerListener log
INFO: CATALINA_BASE:         /usr/local/tomcat
Jul 21, 2020 9:11:21 AM org.apache.catalina.startup.VersionLoggerListener log
INFO: CATALINA_HOME:         /usr/local/tomcat
Jul 21, 2020 9:11:21 AM org.apache.catalina.startup.VersionLoggerListener log
INFO: Command line argument: -Djava.util.logging.config.file=/usr/local/tomcat/conf/logging.properties
Jul 21, 2020 9:11:21 AM org.apache.catalina.startup.VersionLoggerListener log
INFO: Command line argument: -Djava.util.logging.manager=org.apache.juli.ClassLoaderLogManager
Jul 21, 2020 9:11:21 AM org.apache.catalina.startup.VersionLoggerListener log
INFO: Command line argument: -Xmx2g
Jul 21, 2020 9:11:22 AM org.apache.catalina.startup.VersionLoggerListener log
INFO: Command line argument: -Djdk.tls.ephemeralDHKeySize=2048
Jul 21, 2020 9:11:22 AM org.apache.catalina.startup.VersionLoggerListener log
INFO: Command line argument: -agentlib:jdwp=transport=dt_socket,address=8000,server=y,suspend=n
Jul 21, 2020 9:11:22 AM org.apache.catalina.startup.VersionLoggerListener log
INFO: Command line argument: -Dignore.endorsed.dirs=
Jul 21, 2020 9:11:22 AM org.apache.catalina.startup.VersionLoggerListener log
INFO: Command line argument: -Dcatalina.base=/usr/local/tomcat
Jul 21, 2020 9:11:22 AM org.apache.catalina.startup.VersionLoggerListener log
INFO: Command line argument: -Dcatalina.home=/usr/local/tomcat
Jul 21, 2020 9:11:22 AM org.apache.catalina.startup.VersionLoggerListener log
INFO: Command line argument: -Djava.io.tmpdir=/usr/local/tomcat/temp
Jul 21, 2020 9:11:22 AM org.apache.catalina.core.AprLifecycleListener lifecycleEvent
INFO: Loaded APR based Apache Tomcat Native library 1.2.21 using APR version 1.6.5.
Jul 21, 2020 9:11:22 AM org.apache.catalina.core.AprLifecycleListener lifecycleEvent
INFO: APR capabilities: IPv6 [true], sendfile [true], accept filters [false], random [true].
Jul 21, 2020 9:11:22 AM org.apache.catalina.core.AprLifecycleListener initializeSSL
INFO: OpenSSL successfully initialized (OpenSSL 1.1.1b  26 Feb 2019)
Jul 21, 2020 9:11:22 AM org.apache.coyote.AbstractProtocol init
INFO: Initializing ProtocolHandler ["http-apr-8080"]
Jul 21, 2020 9:11:23 AM org.apache.coyote.AbstractProtocol init
INFO: Initializing ProtocolHandler ["ajp-apr-8009"]
Jul 21, 2020 9:11:23 AM org.apache.catalina.startup.Catalina load
INFO: Initialization processed in 6670 ms
Jul 21, 2020 9:11:23 AM org.apache.catalina.core.StandardService startInternal
INFO: Starting service Catalina
Jul 21, 2020 9:11:23 AM org.apache.catalina.core.StandardEngine startInternal
INFO: Starting Servlet Engine: Apache Tomcat/7.0.94
Jul 21, 2020 9:11:23 AM org.apache.catalina.startup.HostConfig deployDirectory
INFO: Deploying web application directory /usr/local/tomcat/webapps/manager
Jul 21, 2020 9:11:29 AM org.apache.catalina.startup.TldConfig execute
INFO: At least one JAR was scanned for TLDs yet contained no TLDs. Enable debug logging for this logger for a complete list of JARs that were scanned but no TLDs were found in them. Skipping unneeded JARs during scanning can improve startup time and JSP compilation time.
Jul 21, 2020 9:11:29 AM org.apache.catalina.startup.HostConfig deployDirectory
INFO: Deployment of web application directory /usr/local/tomcat/webapps/manager has finished in 5,690 ms
Jul 21, 2020 9:11:29 AM org.apache.catalina.startup.HostConfig deployDirectory
INFO: Deploying web application directory /usr/local/tomcat/webapps/examples
Jul 21, 2020 9:11:32 AM org.apache.catalina.startup.TldConfig execute
INFO: At least one JAR was scanned for TLDs yet contained no TLDs. Enable debug logging for this logger for a complete list of JARs that were scanned but no TLDs were found in them. Skipping unneeded JARs during scanning can improve startup time and JSP compilation time.
Jul 21, 2020 9:11:33 AM org.apache.catalina.startup.HostConfig deployDirectory
INFO: Deployment of web application directory /usr/local/tomcat/webapps/examples has finished in 3,355 ms
Jul 21, 2020 9:11:33 AM org.apache.catalina.startup.HostConfig deployDirectory
INFO: Deploying web application directory /usr/local/tomcat/webapps/docs
Jul 21, 2020 9:11:33 AM org.apache.catalina.startup.TldConfig execute
INFO: At least one JAR was scanned for TLDs yet contained no TLDs. Enable debug logging for this logger for a complete list of JARs that were scanned but no TLDs were found in them. Skipping unneeded JARs during scanning can improve startup time and JSP compilation time.
Jul 21, 2020 9:11:33 AM org.apache.catalina.startup.HostConfig deployDirectory
INFO: Deployment of web application directory /usr/local/tomcat/webapps/docs has finished in 683 ms
Jul 21, 2020 9:11:33 AM org.apache.catalina.startup.HostConfig deployDirectory
INFO: Deploying web application directory /usr/local/tomcat/webapps/ROOT
Jul 21, 2020 9:11:34 AM org.apache.catalina.startup.TldConfig execute
INFO: At least one JAR was scanned for TLDs yet contained no TLDs. Enable debug logging for this logger for a complete list of JARs that were scanned but no TLDs were found in them. Skipping unneeded JARs during scanning can improve startup time and JSP compilation time.
Jul 21, 2020 9:11:34 AM org.apache.catalina.startup.HostConfig deployDirectory
INFO: Deployment of web application directory /usr/local/tomcat/webapps/ROOT has finished in 700 ms
Jul 21, 2020 9:11:34 AM org.apache.catalina.startup.HostConfig deployDirectory
INFO: Deploying web application directory /usr/local/tomcat/webapps/host-manager
Jul 21, 2020 9:11:34 AM org.apache.catalina.startup.TldConfig execute
INFO: At least one JAR was scanned for TLDs yet contained no TLDs. Enable debug logging for this logger for a complete list of JARs that were scanned but no TLDs were found in them. Skipping unneeded JARs during scanning can improve startup time and JSP compilation time.
Jul 21, 2020 9:11:34 AM org.apache.catalina.startup.HostConfig deployDirectory
INFO: Deployment of web application directory /usr/local/tomcat/webapps/host-manager has finished in 233 ms
Jul 21, 2020 9:11:34 AM org.apache.catalina.startup.HostConfig deployDirectory
INFO: Deploying web application directory /usr/local/tomcat/webapps/alfresco
Jul 21, 2020 9:12:18 AM org.apache.catalina.startup.TldConfig execute
INFO: At least one JAR was scanned for TLDs yet contained no TLDs. Enable debug logging for this logger for a complete list of JARs that were scanned but no TLDs were found in them. Skipping unneeded JARs during scanning can improve startup time and JSP compilation time.
Jul 21, 2020 9:14:53 AM org.apache.catalina.startup.HostConfig deployDirectory
INFO: Deployment of web application directory /usr/local/tomcat/webapps/alfresco has finished in 199,235 ms
Jul 21, 2020 9:14:53 AM org.apache.coyote.AbstractProtocol start
INFO: Starting ProtocolHandler ["http-apr-8080"]
Jul 21, 2020 9:14:53 AM org.apache.coyote.AbstractProtocol start
INFO: Starting ProtocolHandler ["ajp-apr-8009"]
Jul 21, 2020 9:14:54 AM org.apache.catalina.startup.Catalina start
INFO: Server startup in 210771 ms
Jul 21, 2020 9:23:46 AM org.apache.coyote.AbstractProtocol pause
INFO: Pausing ProtocolHandler ["http-apr-8080"]
Jul 21, 2020 9:23:46 AM org.apache.coyote.AbstractProtocol pause
INFO: Pausing ProtocolHandler ["ajp-apr-8009"]
Jul 21, 2020 9:23:46 AM org.apache.catalina.core.StandardService stopInternal
INFO: Stopping service Catalina
